<?xml version="1.0" encoding="UTF-8"?>
<testng-results ignored="0" total="2" passed="1" failed="1" skipped="0">
  <reporter-output>
  </reporter-output>
  <suite started-at="2020-02-12T15:00:40 EST" name="Default suite" finished-at="2020-02-12T15:01:05 EST" duration-ms="24847">
    <groups>
    </groups>
    <test started-at="2020-02-12T15:00:40 EST" name="Default test" finished-at="2020-02-12T15:01:05 EST" duration-ms="24847">
      <class name="executeLoginTest.LinkedinabstractlonginTest">
        <test-method is-config="true" signature="setupTestConfiguration()[pri:0, instance:executeLoginTest.LinkedinabstractlonginTest@4c1d9d4b]" started-at="2020-02-12T15:00:40 EST" name="setupTestConfiguration" finished-at="2020-02-12T15:00:44 EST" duration-ms="3772" status="PASS">
          <reporter-output>
          </reporter-output>
        </test-method> <!-- setupTestConfiguration -->
        <test-method signature="iWantToLogin1()[pri:0, instance:executeLoginTest.LinkedinabstractlonginTest@4c1d9d4b]" started-at="2020-02-12T15:00:44 EST" name="iWantToLogin1" finished-at="2020-02-12T15:00:56 EST" duration-ms="12131" status="PASS">
          <reporter-output>
          </reporter-output>
        </test-method> <!-- iWantToLogin1 -->
        <test-method signature="iWantToLogin2()[pri:0, instance:executeLoginTest.LinkedinabstractlonginTest@4c1d9d4b]" started-at="2020-02-12T15:00:56 EST" name="iWantToLogin2" finished-at="2020-02-12T15:01:01 EST" duration-ms="5686" status="FAIL">
          <exception class="java.lang.AssertionError">
            <message>
              <![CDATA[did not expect to find [true] but found [false]]]>
            </message>
            <full-stacktrace>
              <![CDATA[java.lang.AssertionError: did not expect to find [true] but found [false]
at org.testng.Assert.fail(Assert.java:97)
at org.testng.Assert.failNotEquals(Assert.java:969)
at org.testng.Assert.assertTrue(Assert.java:43)
at org.testng.Assert.assertTrue(Assert.java:53)
at executeLoginTest.LinkedinabstractlonginTest.iWantToLogin2(LinkedinabstractlonginTest.java:55)
at java.base/jdk.internal.reflect.NativeMethodAccessorImpl.invoke0(Native Method)
at java.base/jdk.internal.reflect.NativeMethodAccessorImpl.invoke(NativeMethodAccessorImpl.java:62)
at java.base/jdk.internal.reflect.DelegatingMethodAccessorImpl.invoke(DelegatingMethodAccessorImpl.java:43)
at java.base/java.lang.reflect.Method.invoke(Method.java:567)
at org.testng.internal.MethodInvocationHelper.invokeMethod(MethodInvocationHelper.java:133)
at org.testng.internal.TestInvoker.invokeMethod(TestInvoker.java:584)
at org.testng.internal.TestInvoker.invokeTestMethod(TestInvoker.java:172)
at org.testng.internal.MethodRunner.runInSequence(MethodRunner.java:46)
at org.testng.internal.TestInvoker$MethodInvocationAgent.invoke(TestInvoker.java:804)
at org.testng.internal.TestInvoker.invokeTestMethods(TestInvoker.java:145)
at org.testng.internal.TestMethodWorker.invokeTestMethods(TestMethodWorker.java:146)
at org.testng.internal.TestMethodWorker.run(TestMethodWorker.java:128)
at java.base/java.util.ArrayList.forEach(ArrayList.java:1507)
at org.testng.TestRunner.privateRun(TestRunner.java:770)
at org.testng.TestRunner.run(TestRunner.java:591)
at org.testng.SuiteRunner.runTest(SuiteRunner.java:402)
at org.testng.SuiteRunner.runSequentially(SuiteRunner.java:396)
at org.testng.SuiteRunner.privateRun(SuiteRunner.java:355)
at org.testng.SuiteRunner.run(SuiteRunner.java:304)
at org.testng.SuiteRunnerWorker.runSuite(SuiteRunnerWorker.java:53)
at org.testng.SuiteRunnerWorker.run(SuiteRunnerWorker.java:96)
at org.testng.TestNG.runSuitesSequentially(TestNG.java:1180)
at org.testng.TestNG.runSuitesLocally(TestNG.java:1102)
at org.testng.TestNG.runSuites(TestNG.java:1032)
at org.testng.TestNG.run(TestNG.java:1000)
at org.testng.remote.AbstractRemoteTestNG.run(AbstractRemoteTestNG.java:115)
at org.testng.remote.RemoteTestNG.initAndRun(RemoteTestNG.java:251)
at org.testng.remote.RemoteTestNG.main(RemoteTestNG.java:77)
]]>
            </full-stacktrace>
          </exception> <!-- java.lang.AssertionError -->
          <reporter-output>
          </reporter-output>
        </test-method> <!-- iWantToLogin2 -->
        <test-method is-config="true" signature="tearDown()[pri:0, instance:executeLoginTest.LinkedinabstractlonginTest@4c1d9d4b]" started-at="2020-02-12T15:01:02 EST" name="tearDown" finished-at="2020-02-12T15:01:05 EST" duration-ms="2711" status="PASS">
          <reporter-output>
          </reporter-output>
        </test-method> <!-- tearDown -->
      </class> <!-- executeLoginTest.LinkedinabstractlonginTest -->
    </test> <!-- Default test -->
  </suite> <!-- Default suite -->
</testng-results>
