<?xml version="1.0" encoding="UTF-8"?>
<!-- Generated by org.testng.reporters.JUnitXMLReporter -->
<testsuite hostname="Ali" ignored="0" name="Test" tests="7" failures="3" timestamp="2019-12-20T06:00:38 EET" time="111.0" errors="0">
  <testcase name="processLogin0" time="10.191" classname="executeLoginTest.LinkedinloginTest"/>
  <testcase name="processLogin1" time="5.867" classname="executeLoginTest.LinkedinloginTest"/>
  <testcase name="processLogin2" time="0.726" classname="executeLoginTest.LinkedinloginTest">
    <failure type="java.lang.AssertionError" message="did not expect to find [true] but found [false]">
      <![CDATA[java.lang.AssertionError: did not expect to find [true] but found [false]
at executeLoginTest.LinkedinloginTest.processLogin2(LinkedinloginTest.java:85)
at java.util.ArrayList.forEach(Unknown Source)
... Removed 31 stack frames]]>
    </failure>
  </testcase> <!-- processLogin2 -->
  <testcase name="iWantToLogin1" time="14.186" classname="executeLoginTest.LinkedinabstractlonginTest"/>
  <testcase name="iWantToLogin2" time="9.675" classname="executeLoginTest.LinkedinabstractlonginTest">
    <failure type="java.lang.AssertionError" message="did not expect to find [true] but found [false]">
      <![CDATA[java.lang.AssertionError: did not expect to find [true] but found [false]
at executeLoginTest.LinkedinabstractlonginTest.iWantToLogin2(LinkedinabstractlonginTest.java:54)
at java.util.ArrayList.forEach(Unknown Source)
... Removed 31 stack frames]]>
    </failure>
  </testcase> <!-- iWantToLogin2 -->
  <testcase name="loginUsingInheritence1" time="22.873" classname="executeLoginTest.Linkedinlogin2Test"/>
  <testcase name="loginUsingInheritence2" time="25.166" classname="executeLoginTest.Linkedinlogin2Test">
    <failure type="java.lang.AssertionError" message="did not expect to find [true] but found [false]">
      <![CDATA[java.lang.AssertionError: did not expect to find [true] but found [false]
at executeLoginTest.Linkedinlogin2Test.loginUsingInheritence2(Linkedinlogin2Test.java:34)
at java.util.ArrayList.forEach(Unknown Source)
... Removed 31 stack frames]]>
    </failure>
  </testcase> <!-- loginUsingInheritence2 -->
</testsuite> <!-- Test -->
